[debug] [2025-11-20T14:53:02.645Z] ----------------------------------------------------------------------
[debug] [2025-11-20T14:53:02.647Z] Command:       C:\Program Files\nodejs\node.exe C:\Users\islam\AppData\Roaming\npm\node_modules\firebase-tools\lib\bin\firebase.js init
[debug] [2025-11-20T14:53:02.647Z] CLI Version:   14.25.1
[debug] [2025-11-20T14:53:02.647Z] Platform:      win32
[debug] [2025-11-20T14:53:02.647Z] Node Version:  v24.11.0
[debug] [2025-11-20T14:53:02.647Z] Time:          Thu Nov 20 2025 20:53:02 GMT+0600 (Bangladesh Standard Time)
[debug] [2025-11-20T14:53:02.647Z] ----------------------------------------------------------------------
[debug] 
[info] 
     ######## #### ########  ######## ########     ###     ######  ########
     ##        ##  ##     ## ##       ##     ##  ##   ##  ##       ##
     ######    ##  ########  ######   ########  #########  ######  ######
     ##        ##  ##    ##  ##       ##     ## ##     ##       ## ##
     ##       #### ##     ## ######## ########  ##     ##  ######  ########

You're about to initialize a Firebase project in this directory:

  D:\design\node js\myproject

[info] 
=== Project Setup
[info] 
[info] First, let's associate this project directory with a Firebase project.
[info] You can create multiple project aliases by running firebase use --add, 
[info] 
[debug] [2025-11-20T14:55:06.710Z] > command requires scopes: ["email","openid","https://www.googleapis.com/auth/cloudplatformprojects.readonly","https://www.googleapis.com/auth/firebase","https://www.googleapis.com/auth/cloud-platform"]
[debug] [2025-11-20T14:55:06.710Z] > authorizing via signed-in user (islammontaherul@gmail.com)
[debug] [2025-11-20T14:55:06.711Z] Checked if tokens are valid: true, expires at: 1763653948199
[debug] [2025-11-20T14:55:06.711Z] Checked if tokens are valid: true, expires at: 1763653948199
[debug] [2025-11-20T14:55:06.712Z] >>> [apiv2][query] GET https://firebase.googleapis.com/v1beta1/projects pageSize=100
[debug] [2025-11-20T14:55:07.434Z] <<< [apiv2][status] GET https://firebase.googleapis.com/v1beta1/projects 200
[debug] [2025-11-20T14:55:07.434Z] <<< [apiv2][body] GET https://firebase.googleapis.com/v1beta1/projects [omitted]
[info] 
=== Firestore Setup
[info] i  firestore: ensuring required API firestore.googleapis.com is enabled... 
[debug] [2025-11-20T14:55:11.889Z] Checked if tokens are valid: true, expires at: 1763653948199
[debug] [2025-11-20T14:55:11.890Z] Checked if tokens are valid: true, expires at: 1763653948199
[debug] [2025-11-20T14:55:11.890Z] >>> [apiv2][query] GET https://serviceusage.googleapis.com/v1/projects/myproject-1c783/services/firestore.googleapis.com [none]
[debug] [2025-11-20T14:55:11.890Z] >>> [apiv2][(partial)header] GET https://serviceusage.googleapis.com/v1/projects/myproject-1c783/services/firestore.googleapis.com x-goog-quota-user=projects/myproject-1c783
[debug] [2025-11-20T14:55:16.734Z] <<< [apiv2][status] GET https://serviceusage.googleapis.com/v1/projects/myproject-1c783/services/firestore.googleapis.com 200
[debug] [2025-11-20T14:55:16.735Z] <<< [apiv2][body] GET https://serviceusage.googleapis.com/v1/projects/myproject-1c783/services/firestore.googleapis.com [omitted]
[warn] !  firestore: missing required API firestore.googleapis.com. Enabling now... 
[debug] [2025-11-20T14:55:16.735Z] Checked if tokens are valid: true, expires at: 1763653948199
[debug] [2025-11-20T14:55:16.735Z] Checked if tokens are valid: true, expires at: 1763653948199
[debug] [2025-11-20T14:55:16.735Z] >>> [apiv2][query] POST https://serviceusage.googleapis.com/v1/projects/myproject-1c783/services/firestore.googleapis.com:enable [none]
[debug] [2025-11-20T14:55:16.735Z] >>> [apiv2][(partial)header] POST https://serviceusage.googleapis.com/v1/projects/myproject-1c783/services/firestore.googleapis.com:enable x-goog-quota-user=projects/myproject-1c783
[debug] [2025-11-20T14:55:18.389Z] <<< [apiv2][status] POST https://serviceusage.googleapis.com/v1/projects/myproject-1c783/services/firestore.googleapis.com:enable 200
[debug] [2025-11-20T14:55:18.389Z] <<< [apiv2][body] POST https://serviceusage.googleapis.com/v1/projects/myproject-1c783/services/firestore.googleapis.com:enable [omitted]
[debug] [2025-11-20T14:55:28.417Z] Checked if tokens are valid: true, expires at: 1763653948199
[debug] [2025-11-20T14:55:28.417Z] Checked if tokens are valid: true, expires at: 1763653948199
[debug] [2025-11-20T14:55:28.417Z] >>> [apiv2][query] GET https://firestore.googleapis.com/v1/projects/myproject-1c783/databases [none]
[debug] [2025-11-20T14:55:29.370Z] <<< [apiv2][status] GET https://firestore.googleapis.com/v1/projects/myproject-1c783/databases 200
[debug] [2025-11-20T14:55:29.371Z] <<< [apiv2][body] GET https://firestore.googleapis.com/v1/projects/myproject-1c783/databases {}
[debug] [2025-11-20T14:55:29.371Z] Checked if tokens are valid: true, expires at: 1763653948199
[debug] [2025-11-20T14:55:29.371Z] Checked if tokens are valid: true, expires at: 1763653948199
[debug] [2025-11-20T14:55:29.371Z] >>> [apiv2][query] GET https://firestore.googleapis.com/v1/projects/myproject-1c783/locations [none]
[debug] [2025-11-20T14:55:29.602Z] <<< [apiv2][status] GET https://firestore.googleapis.com/v1/projects/myproject-1c783/locations 200
[debug] [2025-11-20T14:55:29.602Z] <<< [apiv2][body] GET https://firestore.googleapis.com/v1/projects/myproject-1c783/locations {"locations":[{"name":"projects/myproject-1c783/locations/eur3","labels":{"appengine.googleapis.com/geo":"europe-west","cloud.googleapis.com/location":"eur3","cloud.googleapis.com/geo":"eur3"},"metadata":{"@type":"type.googleapis.com/google.firestore.admin.v1.LocationMetadata"},"locationId":"eur3","displayName":"Europe"},{"name":"projects/myproject-1c783/locations/nam5","labels":{"appengine.googleapis.com/geo":"us-central","cloud.googleapis.com/location":"nam5","cloud.googleapis.com/geo":"nam5"},"metadata":{"@type":"type.googleapis.com/google.firestore.admin.v1.LocationMetadata"},"locationId":"nam5","displayName":"United States"},{"name":"projects/myproject-1c783/locations/nam7","labels":{"cloud.googleapis.com/location":"nam7","cloud.googleapis.com/geo":"nam7"},"metadata":{"@type":"type.googleapis.com/google.firestore.admin.v1.LocationMetadata"},"locationId":"nam7","displayName":"United States"},{"name":"projects/myproject-1c783/locations/africa-south1","labels":{"cloud.googleapis.com/location":"africa-south1","cloud.googleapis.com/region":"africa-south1"},"metadata":{"@type":"type.googleapis.com/google.firestore.admin.v1.LocationMetadata"},"locationId":"africa-south1","displayName":"Johannesburg"},{"name":"projects/myproject-1c783/locations/asia-east1","labels":{"appengine.googleapis.com/region":"asia-east1","cloud.googleapis.com/location":"asia-east1","cloud.googleapis.com/region":"asia-east1"},"metadata":{"@type":"type.googleapis.com/google.firestore.admin.v1.LocationMetadata"},"locationId":"asia-east1","displayName":"Taiwan"},{"name":"projects/myproject-1c783/locations/asia-east2","labels":{"appengine.googleapis.com/region":"asia-east2","cloud.googleapis.com/location":"asia-east2","cloud.googleapis.com/region":"asia-east2"},"metadata":{"@type":"type.googleapis.com/google.firestore.admin.v1.LocationMetadata"},"locationId":"asia-east2","displayName":"Hong Kong"},{"name":"projects/myproject-1c783/locations/asia-northeast1","labels":{"appengine.googleapis.com/region":"asia-northeast1","cloud.googleapis.com/location":"asia-northeast1","cloud.googleapis.com/region":"asia-northeast1"},"metadata":{"@type":"type.googleapis.com/google.firestore.admin.v1.LocationMetadata"},"locationId":"asia-northeast1","displayName":"Tokyo"},{"name":"projects/myproject-1c783/locations/asia-northeast2","labels":{"appengine.googleapis.com/region":"asia-northeast2","cloud.googleapis.com/location":"asia-northeast2","cloud.googleapis.com/region":"asia-northeast2"},"metadata":{"@type":"type.googleapis.com/google.firestore.admin.v1.LocationMetadata"},"locationId":"asia-northeast2","displayName":"Osaka"},{"name":"projects/myproject-1c783/locations/asia-northeast3","labels":{"appengine.googleapis.com/region":"asia-northeast3","cloud.googleapis.com/location":"asia-northeast3","cloud.googleapis.com/region":"asia-northeast3"},"metadata":{"@type":"type.googleapis.com/google.firestore.admin.v1.LocationMetadata"},"locationId":"asia-northeast3","displayName":"Seoul"},{"name":"projects/myproject-1c783/locations/asia-south1","labels":{"appengine.googleapis.com/region":"asia-south1","cloud.googleapis.com/location":"asia-south1","cloud.googleapis.com/region":"asia-south1"},"metadata":{"@type":"type.googleapis.com/google.firestore.admin.v1.LocationMetadata"},"locationId":"asia-south1","displayName":"Mumbai"},{"name":"projects/myproject-1c783/locations/asia-south2","labels":{"cloud.googleapis.com/location":"asia-south2","cloud.googleapis.com/region":"asia-south2"},"metadata":{"@type":"type.googleapis.com/google.firestore.admin.v1.LocationMetadata"},"locationId":"asia-south2","displayName":"Delhi"},{"name":"projects/myproject-1c783/locations/asia-southeast1","labels":{"appengine.googleapis.com/region":"asia-southeast1","cloud.googleapis.com/location":"asia-southeast1","cloud.googleapis.com/region":"asia-southeast1"},"metadata":{"@type":"type.googleapis.com/google.firestore.admin.v1.LocationMetadata"},"locationId":"asia-southeast1","displayName":"Singapore"},{"name":"projects/myproject-1c783/locations/asia-southeast2","labels":{"appengine.googleapis.com/region":"asia-southeast2","cloud.googleapis.com/location":"asia-southeast2","cloud.googleapis.com/region":"asia-southeast2"},"metadata":{"@type":"type.googleapis.com/google.firestore.admin.v1.LocationMetadata"},"locationId":"asia-southeast2","displayName":"Jakarta"},{"name":"projects/myproject-1c783/locations/australia-southeast1","labels":{"appengine.googleapis.com/region":"australia-southeast1","cloud.googleapis.com/location":"australia-southeast1","cloud.googleapis.com/region":"australia-southeast1"},"metadata":{"@type":"type.googleapis.com/google.firestore.admin.v1.LocationMetadata"},"locationId":"australia-southeast1","displayName":"Sydney"},{"name":"projects/myproject-1c783/locations/australia-southeast2","labels":{"cloud.googleapis.com/location":"australia-southeast2","cloud.googleapis.com/region":"australia-southeast2"},"metadata":{"@type":"type.googleapis.com/google.firestore.admin.v1.LocationMetadata"},"locationId":"australia-southeast2","displayName":"Melbourne"},{"name":"projects/myproject-1c783/locations/europe-central2","labels":{"appengine.googleapis.com/region":"europe-central2","cloud.googleapis.com/location":"europe-central2","cloud.googleapis.com/region":"europe-central2"},"metadata":{"@type":"type.googleapis.com/google.firestore.admin.v1.LocationMetadata"},"locationId":"europe-central2","displayName":"Warsaw"},{"name":"projects/myproject-1c783/locations/europe-north1","labels":{"cloud.googleapis.com/location":"europe-north1","cloud.googleapis.com/region":"europe-north1"},"metadata":{"@type":"type.googleapis.com/google.firestore.admin.v1.LocationMetadata"},"locationId":"europe-north1","displayName":"Finland"},{"name":"projects/myproject-1c783/locations/europe-north2","labels":{"cloud.googleapis.com/location":"europe-north2","cloud.googleapis.com/region":"europe-north2"},"metadata":{"@type":"type.googleapis.com/google.firestore.admin.v1.LocationMetadata"},"locationId":"europe-north2","displayName":"Stockholm"},{"name":"projects/myproject-1c783/locations/europe-southwest1","labels":{"cloud.googleapis.com/location":"europe-southwest1","cloud.googleapis.com/region":"europe-southwest1"},"metadata":{"@type":"type.googleapis.com/google.firestore.admin.v1.LocationMetadata"},"locationId":"europe-southwest1","displayName":"Madrid"},{"name":"projects/myproject-1c783/locations/europe-west1","labels":{"cloud.googleapis.com/location":"europe-west1","cloud.googleapis.com/region":"europe-west1"},"metadata":{"@type":"type.googleapis.com/google.firestore.admin.v1.LocationMetadata"},"locationId":"europe-west1","displayName":"Belgium"},{"name":"projects/myproject-1c783/locations/europe-west10","labels":{"cloud.googleapis.com/location":"europe-west10","cloud.googleapis.com/region":"europe-west10"},"metadata":{"@type":"type.googleapis.com/google.firestore.admin.v1.LocationMetadata"},"locationId":"europe-west10","displayName":"Berlin"},{"name":"projects/myproject-1c783/locations/europe-west12","labels":{"cloud.googleapis.com/location":"europe-west12","cloud.googleapis.com/region":"europe-west12"},"metadata":{"@type":"type.googleapis.com/google.firestore.admin.v1.LocationMetadata"},"locationId":"europe-west12","displayName":"Turin"},{"name":"projects/myproject-1c783/locations/europe-west2","labels":{"appengine.googleapis.com/region":"europe-west2","cloud.googleapis.com/location":"europe-west2","cloud.googleapis.com/region":"europe-west2"},"metadata":{"@type":"type.googleapis.com/google.firestore.admin.v1.LocationMetadata"},"locationId":"europe-west2","displayName":"London"},{"name":"projects/myproject-1c783/locations/europe-west3","labels":{"appengine.googleapis.com/region":"europe-west3","cloud.googleapis.com/location":"europe-west3","cloud.googleapis.com/region":"europe-west3"},"metadata":{"@type":"type.googleapis.com/google.firestore.admin.v1.LocationMetadata"},"locationId":"europe-west3","displayName":"Frankfurt"},{"name":"projects/myproject-1c783/locations/europe-west4","labels":{"cloud.googleapis.com/location":"europe-west4","cloud.googleapis.com/region":"europe-west4"},"metadata":{"@type":"type.googleapis.com/google.firestore.admin.v1.LocationMetadata"},"locationId":"europe-west4","displayName":"Netherlands"},{"name":"projects/myproject-1c783/locations/europe-west6","labels":{"appengine.googleapis.com/region":"europe-west6","cloud.googleapis.com/location":"europe-west6","cloud.googleapis.com/region":"europe-west6"},"metadata":{"@type":"type.googleapis.com/google.firestore.admin.v1.LocationMetadata"},"locationId":"europe-west6","displayName":"Zurich"},{"name":"projects/myproject-1c783/locations/europe-west8","labels":{"cloud.googleapis.com/location":"europe-west8","cloud.googleapis.com/region":"europe-west8"},"metadata":{"@type":"type.googleapis.com/google.firestore.admin.v1.LocationMetadata"},"locationId":"europe-west8","displayName":"Milan"},{"name":"projects/myproject-1c783/locations/europe-west9","labels":{"cloud.googleapis.com/location":"europe-west9","cloud.googleapis.com/region":"europe-west9"},"metadata":{"@type":"type.googleapis.com/google.firestore.admin.v1.LocationMetadata"},"locationId":"europe-west9","displayName":"Paris"},{"name":"projects/myproject-1c783/locations/me-central1","labels":{"cloud.googleapis.com/location":"me-central1","cloud.googleapis.com/region":"me-central1"},"metadata":{"@type":"type.googleapis.com/google.firestore.admin.v1.LocationMetadata"},"locationId":"me-central1","displayName":"Doha"},{"name":"projects/myproject-1c783/locations/me-central2","labels":{"cloud.googleapis.com/location":"me-central2","cloud.googleapis.com/region":"me-central2"},"metadata":{"@type":"type.googleapis.com/google.firestore.admin.v1.LocationMetadata"},"locationId":"me-central2","displayName":"Dammam"},{"name":"projects/myproject-1c783/locations/me-west1","labels":{"cloud.googleapis.com/location":"me-west1","cloud.googleapis.com/region":"me-west1"},"metadata":{"@type":"type.googleapis.com/google.firestore.admin.v1.LocationMetadata"},"locationId":"me-west1","displayName":"Tel Aviv"},{"name":"projects/myproject-1c783/locations/northamerica-northeast1","labels":{"appengine.googleapis.com/region":"northamerica-northeast1","cloud.googleapis.com/location":"northamerica-northeast1","cloud.googleapis.com/region":"northamerica-northeast1"},"metadata":{"@type":"type.googleapis.com/google.firestore.admin.v1.LocationMetadata"},"locationId":"northamerica-northeast1","displayName":"Montréal"},{"name":"projects/myproject-1c783/locations/northamerica-northeast2","labels":{"cloud.googleapis.com/location":"northamerica-northeast2","cloud.googleapis.com/region":"northamerica-northeast2"},"metadata":{"@type":"type.googleapis.com/google.firestore.admin.v1.LocationMetadata"},"locationId":"northamerica-northeast2","displayName":"Toronto"},{"name":"projects/myproject-1c783/locations/northamerica-south1","labels":{"cloud.googleapis.com/location":"northamerica-south1","cloud.googleapis.com/region":"northamerica-south1"},"metadata":{"@type":"type.googleapis.com/google.firestore.admin.v1.LocationMetadata"},"locationId":"northamerica-south1","displayName":"Mexico"},{"name":"projects/myproject-1c783/locations/southamerica-east1","labels":{"appengine.googleapis.com/region":"southamerica-east1","cloud.googleapis.com/location":"southamerica-east1","cloud.googleapis.com/region":"southamerica-east1"},"metadata":{"@type":"type.googleapis.com/google.firestore.admin.v1.LocationMetadata"},"locationId":"southamerica-east1","displayName":"São Paulo"},{"name":"projects/myproject-1c783/locations/southamerica-west1","labels":{"cloud.googleapis.com/location":"southamerica-west1","cloud.googleapis.com/region":"southamerica-west1"},"metadata":{"@type":"type.googleapis.com/google.firestore.admin.v1.LocationMetadata"},"locationId":"southamerica-west1","displayName":"Santiago"},{"name":"projects/myproject-1c783/locations/us-central1","labels":{"cloud.googleapis.com/location":"us-central1","cloud.googleapis.com/region":"us-central1"},"metadata":{"@type":"type.googleapis.com/google.firestore.admin.v1.LocationMetadata"},"locationId":"us-central1","displayName":"Iowa"},{"name":"projects/myproject-1c783/locations/us-east1","labels":{"appengine.googleapis.com/region":"us-east1","cloud.googleapis.com/location":"us-east1","cloud.googleapis.com/region":"us-east1"},"metadata":{"@type":"type.googleapis.com/google.firestore.admin.v1.LocationMetadata"},"locationId":"us-east1","displayName":"South Carolina"},{"name":"projects/myproject-1c783/locations/us-east4","labels":{"appengine.googleapis.com/region":"us-east4","cloud.googleapis.com/location":"us-east4","cloud.googleapis.com/region":"us-east4"},"metadata":{"@type":"type.googleapis.com/google.firestore.admin.v1.LocationMetadata"},"locationId":"us-east4","displayName":"Northern Virginia"},{"name":"projects/myproject-1c783/locations/us-east5","labels":{"cloud.googleapis.com/location":"us-east5","cloud.googleapis.com/region":"us-east5"},"metadata":{"@type":"type.googleapis.com/google.firestore.admin.v1.LocationMetadata"},"locationId":"us-east5","displayName":"Columbus"},{"name":"projects/myproject-1c783/locations/us-south1","labels":{"cloud.googleapis.com/location":"us-south1","cloud.googleapis.com/region":"us-south1"},"metadata":{"@type":"type.googleapis.com/google.firestore.admin.v1.LocationMetadata"},"locationId":"us-south1","displayName":"Dallas"},{"name":"projects/myproject-1c783/locations/us-west1","labels":{"appengine.googleapis.com/region":"us-west1","cloud.googleapis.com/location":"us-west1","cloud.googleapis.com/region":"us-west1"},"metadata":{"@type":"type.googleapis.com/google.firestore.admin.v1.LocationMetadata"},"locationId":"us-west1","displayName":"Oregon"},{"name":"projects/myproject-1c783/locations/us-west2","labels":{"appengine.googleapis.com/region":"us-west2","cloud.googleapis.com/location":"us-west2","cloud.googleapis.com/region":"us-west2"},"metadata":{"@type":"type.googleapis.com/google.firestore.admin.v1.LocationMetadata"},"locationId":"us-west2","displayName":"Los Angeles"},{"name":"projects/myproject-1c783/locations/us-west3","labels":{"appengine.googleapis.com/region":"us-west3","cloud.googleapis.com/location":"us-west3","cloud.googleapis.com/region":"us-west3"},"metadata":{"@type":"type.googleapis.com/google.firestore.admin.v1.LocationMetadata"},"locationId":"us-west3","displayName":"Salt Lake City"},{"name":"projects/myproject-1c783/locations/us-west4","labels":{"appengine.googleapis.com/region":"us-west4","cloud.googleapis.com/location":"us-west4","cloud.googleapis.com/region":"us-west4"},"metadata":{"@type":"type.googleapis.com/google.firestore.admin.v1.LocationMetadata"},"locationId":"us-west4","displayName":"Las Vegas"}]}
[info] 
[info] Firestore Security Rules allow you to define how and when to allow
[info] requests. You can keep these rules in your project directory
[info] and publish them with firebase deploy.
[info] 
[debug] [2025-11-20T14:56:15.467Z] Checked if tokens are valid: true, expires at: 1763653948199
[debug] [2025-11-20T14:56:15.467Z] Checked if tokens are valid: true, expires at: 1763653948199
[debug] [2025-11-20T14:56:15.467Z] >>> [apiv2][query] GET https://firebaserules.googleapis.com/v1/projects/myproject-1c783/releases pageSize=10&pageToken=
[debug] [2025-11-20T14:56:16.897Z] <<< [apiv2][status] GET https://firebaserules.googleapis.com/v1/projects/myproject-1c783/releases 200
[debug] [2025-11-20T14:56:16.898Z] <<< [apiv2][body] GET https://firebaserules.googleapis.com/v1/projects/myproject-1c783/releases {}
[info] 
[info] Firestore indexes allow you to perform complex queries while
[info] maintaining performance that scales with the size of the result
[info] set. You can keep index definitions in your project directory
[info] and publish them with firebase deploy.
[info] 
[debug] [2025-11-20T14:56:16.901Z] Checked if tokens are valid: true, expires at: 1763653948199
[debug] [2025-11-20T14:56:16.901Z] Checked if tokens are valid: true, expires at: 1763653948199
[debug] [2025-11-20T14:56:16.901Z] Checked if tokens are valid: true, expires at: 1763653948199
[debug] [2025-11-20T14:56:16.901Z] Checked if tokens are valid: true, expires at: 1763653948199
[debug] [2025-11-20T14:56:16.901Z] >>> [apiv2][query] GET https://firestore.googleapis.com/v1/projects/myproject-1c783/databases/(default)/collectionGroups/-/indexes [none]
[debug] [2025-11-20T14:56:16.902Z] >>> [apiv2][query] GET https://firestore.googleapis.com/v1/projects/myproject-1c783/databases/(default)/collectionGroups/-/fields?filter=indexConfig.usesAncestorConfig=false OR ttlConfig:* [none]
[debug] [2025-11-20T14:56:17.277Z] <<< [apiv2][status] GET https://firestore.googleapis.com/v1/projects/myproject-1c783/databases/(default)/collectionGroups/-/fields?filter=indexConfig.usesAncestorConfig=false OR ttlConfig:* 404
[debug] [2025-11-20T14:56:17.277Z] <<< [apiv2][body] GET https://firestore.googleapis.com/v1/projects/myproject-1c783/databases/(default)/collectionGroups/-/fields?filter=indexConfig.usesAncestorConfig=false OR ttlConfig:* {"error":{"code":404,"message":"Project 'myproject-1c783' or database '(default)' does not exist.","status":"NOT_FOUND"}}
[info] +  Wrote firestore.rules 
[info] +  Wrote firestore.indexes.json 
[info] 
=== Functions Setup
[debug] [2025-11-20T14:56:17.282Z] > command requires scopes: ["email","openid","https://www.googleapis.com/auth/cloudplatformprojects.readonly","https://www.googleapis.com/auth/firebase","https://www.googleapis.com/auth/cloud-platform"]
[debug] [2025-11-20T14:56:17.282Z] > authorizing via signed-in user (islammontaherul@gmail.com)
[debug] [2025-11-20T14:56:17.282Z] [iam] checking project myproject-1c783 for permissions ["firebase.projects.get"]
[debug] [2025-11-20T14:56:17.282Z] Checked if tokens are valid: true, expires at: 1763653948199
[debug] [2025-11-20T14:56:17.282Z] Checked if tokens are valid: true, expires at: 1763653948199
[debug] [2025-11-20T14:56:17.282Z] >>> [apiv2][query] POST https://cloudresourcemanager.googleapis.com/v1/projects/myproject-1c783:testIamPermissions [none]
[debug] [2025-11-20T14:56:17.282Z] >>> [apiv2][(partial)header] POST https://cloudresourcemanager.googleapis.com/v1/projects/myproject-1c783:testIamPermissions x-goog-quota-user=projects/myproject-1c783
[debug] [2025-11-20T14:56:17.282Z] >>> [apiv2][body] POST https://cloudresourcemanager.googleapis.com/v1/projects/myproject-1c783:testIamPermissions {"permissions":["firebase.projects.get"]}
[debug] [2025-11-20T14:56:17.285Z] <<< [apiv2][status] GET https://firestore.googleapis.com/v1/projects/myproject-1c783/databases/(default)/collectionGroups/-/indexes 404
[debug] [2025-11-20T14:56:17.285Z] <<< [apiv2][body] GET https://firestore.googleapis.com/v1/projects/myproject-1c783/databases/(default)/collectionGroups/-/indexes {"error":{"code":404,"message":"Project 'myproject-1c783' or database '(default)' does not exist.","status":"NOT_FOUND"}}
[debug] [2025-11-20T14:56:18.731Z] <<< [apiv2][status] POST https://cloudresourcemanager.googleapis.com/v1/projects/myproject-1c783:testIamPermissions 200
[debug] [2025-11-20T14:56:18.731Z] <<< [apiv2][body] POST https://cloudresourcemanager.googleapis.com/v1/projects/myproject-1c783:testIamPermissions {"permissions":["firebase.projects.get"]}
[debug] [2025-11-20T14:56:18.731Z] Checked if tokens are valid: true, expires at: 1763653948199
[debug] [2025-11-20T14:56:18.731Z] Checked if tokens are valid: true, expires at: 1763653948199
[debug] [2025-11-20T14:56:18.731Z] Checked if tokens are valid: true, expires at: 1763653948199
[debug] [2025-11-20T14:56:18.731Z] Checked if tokens are valid: true, expires at: 1763653948199
[debug] [2025-11-20T14:56:18.731Z] >>> [apiv2][query] GET https://serviceusage.googleapis.com/v1/projects/myproject-1c783/services/cloudfunctions.googleapis.com [none]
[debug] [2025-11-20T14:56:18.731Z] >>> [apiv2][(partial)header] GET https://serviceusage.googleapis.com/v1/projects/myproject-1c783/services/cloudfunctions.googleapis.com x-goog-quota-user=projects/myproject-1c783
[debug] [2025-11-20T14:56:18.732Z] >>> [apiv2][query] GET https://serviceusage.googleapis.com/v1/projects/myproject-1c783/services/runtimeconfig.googleapis.com [none]
[debug] [2025-11-20T14:56:18.732Z] >>> [apiv2][(partial)header] GET https://serviceusage.googleapis.com/v1/projects/myproject-1c783/services/runtimeconfig.googleapis.com x-goog-quota-user=projects/myproject-1c783
[debug] [2025-11-20T14:56:20.379Z] <<< [apiv2][status] GET https://serviceusage.googleapis.com/v1/projects/myproject-1c783/services/runtimeconfig.googleapis.com 200
[debug] [2025-11-20T14:56:20.379Z] <<< [apiv2][body] GET https://serviceusage.googleapis.com/v1/projects/myproject-1c783/services/runtimeconfig.googleapis.com [omitted]
[debug] [2025-11-20T14:56:20.655Z] <<< [apiv2][status] GET https://serviceusage.googleapis.com/v1/projects/myproject-1c783/services/cloudfunctions.googleapis.com 200
[debug] [2025-11-20T14:56:20.655Z] <<< [apiv2][body] GET https://serviceusage.googleapis.com/v1/projects/myproject-1c783/services/cloudfunctions.googleapis.com [omitted]
[debug] [2025-11-20T14:56:20.655Z] Checked if tokens are valid: true, expires at: 1763653948199
[debug] [2025-11-20T14:56:20.655Z] Checked if tokens are valid: true, expires at: 1763653948199
[debug] [2025-11-20T14:56:20.655Z] >>> [apiv2][query] POST https://serviceusage.googleapis.com/v1/projects/myproject-1c783/services/cloudfunctions.googleapis.com:enable [none]
[debug] [2025-11-20T14:56:20.655Z] >>> [apiv2][(partial)header] POST https://serviceusage.googleapis.com/v1/projects/myproject-1c783/services/cloudfunctions.googleapis.com:enable x-goog-quota-user=projects/myproject-1c783
[debug] [2025-11-20T14:56:21.163Z] <<< [apiv2][status] POST https://serviceusage.googleapis.com/v1/projects/myproject-1c783/services/cloudfunctions.googleapis.com:enable 200
[debug] [2025-11-20T14:56:21.163Z] <<< [apiv2][body] POST https://serviceusage.googleapis.com/v1/projects/myproject-1c783/services/cloudfunctions.googleapis.com:enable [omitted]
[info] Let's create a new codebase for your functions.
[info] A directory corresponding to the codebase will be created in your project
[info] with sample code pre-configured.

[info] See https://firebase.google.com/docs/functions/organize-functions for
[info] more information on organizing your functions using codebases.

[info] Functions can be deployed with firebase deploy.

[info] +  Wrote functions/package.json 
[info] +  Wrote functions/index.js 
[info] +  Wrote functions/.gitignore 
[info] 
=== Hosting Setup
[debug] [2025-11-20T14:58:18.316Z] Checked if tokens are valid: true, expires at: 1763653948199
[debug] [2025-11-20T14:58:18.316Z] Checked if tokens are valid: true, expires at: 1763653948199
[debug] [2025-11-20T14:58:18.316Z] >>> [apiv2][query] GET https://firebase.googleapis.com/v1beta1/projects/myproject-1c783 [none]
[debug] [2025-11-20T14:58:18.823Z] <<< [apiv2][status] GET https://firebase.googleapis.com/v1beta1/projects/myproject-1c783 200
[debug] [2025-11-20T14:58:18.823Z] <<< [apiv2][body] GET https://firebase.googleapis.com/v1beta1/projects/myproject-1c783 {"projectId":"myproject-1c783","projectNumber":"537688691250","displayName":"myproject","name":"projects/myproject-1c783","resources":{"hostingSite":"myproject-1c783"},"state":"ACTIVE","etag":"1_72884435-c818-40c7-b23d-ae391788fa41"}
[info] 
[info] Your public directory is the folder (relative to your project directory) that
[info] will contain Hosting assets to be uploaded with firebase deploy. If you
[info] have a build process for your assets, use your build's output directory.
[info] 
[info] 
[info] i  Didn't detect a .git folder. Assuming D:\design\node js\myproject is the project root. 
[info] i  Authorizing with GitHub to upload your service account to a GitHub repository's secrets store. 
[info] 
[info] Visit this URL on this device to log in:
[info] https://github.com/login/oauth/authorize?client_id=89cf50f02ac6aaed3484&state=36771170&redirect_uri=http%3A%2F%2Flocalhost%3A9005&scope=read%3Auser%20repo%20public_repo
[info] 
[info] Waiting for authentication...
[debug] [2025-11-20T14:59:58.419Z] >>> [apiv2][query] POST https://github.com/login/oauth/access_token [none]
[debug] [2025-11-20T14:59:58.419Z] >>> [apiv2][body] POST https://github.com/login/oauth/access_token [stream]
[debug] [2025-11-20T14:59:59.027Z] <<< [apiv2][status] POST https://github.com/login/oauth/access_token 200
[debug] [2025-11-20T14:59:59.027Z] <<< [apiv2][body] POST https://github.com/login/oauth/access_token {"access_token":"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","token_type":"bearer","scope":"read:user,repo"}
[debug] [2025-11-20T14:59:59.030Z] >>> [apiv2][query] GET https://api.github.com/user [none]
[debug] [2025-11-20T14:59:59.600Z] <<< [apiv2][status] GET https://api.github.com/user 200
[debug] [2025-11-20T14:59:59.600Z] <<< [apiv2][body] GET https://api.github.com/user {"login":"montaherul","id":145375442,"node_id":"U_kgDOCKpA0g","avatar_url":"https://avatars.githubusercontent.com/u/145375442?v=4","gravatar_id":"","url":"https://api.github.com/users/montaherul","html_url":"https://github.com/montaherul","followers_url":"https://api.github.com/users/montaherul/followers","following_url":"https://api.github.com/users/montaherul/following{/other_user}","gists_url":"https://api.github.com/users/montaherul/gists{/gist_id}","starred_url":"https://api.github.com/users/montaherul/starred{/owner}{/repo}","subscriptions_url":"https://api.github.com/users/montaherul/subscriptions","organizations_url":"https://api.github.com/users/montaherul/orgs","repos_url":"https://api.github.com/users/montaherul/repos","events_url":"https://api.github.com/users/montaherul/events{/privacy}","received_events_url":"https://api.github.com/users/montaherul/received_events","type":"User","user_view_type":"private","site_admin":false,"name":null,"company":null,"blog":"","location":null,"email":null,"hireable":null,"bio":null,"twitter_username":null,"notification_email":null,"public_repos":13,"public_gists":0,"followers":2,"following":9,"created_at":"2023-09-18T16:21:34Z","updated_at":"2025-11-19T14:40:24Z","private_gists":0,"total_private_repos":4,"owned_private_repos":4,"disk_usage":30497,"collaborators":0,"two_factor_authentication":true,"plan":{"name":"pro","space":976562499,"collaborators":0,"private_repos":9999}}
[info] 
[info] +  Success! Logged into GitHub as montaherul 
[info] 
[debug] [2025-11-20T15:00:33.933Z] >>> [apiv2][query] GET https://api.github.com/repos/repository/actions/secrets/public-key type=owner
[debug] [2025-11-20T15:00:34.317Z] <<< [apiv2][status] GET https://api.github.com/repos/repository/actions/secrets/public-key 404
[debug] [2025-11-20T15:00:34.317Z] <<< [apiv2][body] GET https://api.github.com/repos/repository/actions/secrets/public-key {"message":"Not Found","documentation_url":"https://docs.github.com/rest","status":"404"}
[info] 
[info] 
[error] !  The provided authorization cannot be used with this repository. If this repository is in an organization, did you remember to grant access? 
[info] 
[info] i  Action required: Visit this URL to ensure access has been granted to the appropriate organization(s) for the Firebase CLI GitHub OAuth App: 
[info] https://github.com/settings/connections/applications/89cf50f02ac6aaed3484
[info] 
[debug] [2025-11-20T15:00:40.084Z] >>> [apiv2][query] GET https://api.github.com/repos/repository/actions/secrets/public-key type=owner
[debug] [2025-11-20T15:00:40.460Z] <<< [apiv2][status] GET https://api.github.com/repos/repository/actions/secrets/public-key 404
[debug] [2025-11-20T15:00:40.460Z] <<< [apiv2][body] GET https://api.github.com/repos/repository/actions/secrets/public-key {"message":"Not Found","documentation_url":"https://docs.github.com/rest","status":"404"}
[info] 
[info] 
[error] !  The provided authorization cannot be used with this repository. If this repository is in an organization, did you remember to grant access? 
[info] 
[info] i  Action required: Visit this URL to ensure access has been granted to the appropriate organization(s) for the Firebase CLI GitHub OAuth App: 
[info] https://github.com/settings/connections/applications/89cf50f02ac6aaed3484
[info] 
[debug] [2025-11-20T15:00:43.724Z] >>> [apiv2][query] GET https://api.github.com/repos//actions/secrets/public-key type=owner
[debug] [2025-11-20T15:00:44.091Z] <<< [apiv2][status] GET https://api.github.com/repos//actions/secrets/public-key 404
[debug] [2025-11-20T15:00:44.091Z] <<< [apiv2][body] GET https://api.github.com/repos//actions/secrets/public-key {"message":"Not Found","documentation_url":"https://docs.github.com/rest","status":"404"}
[info] 
[info] 
[error] !  The provided authorization cannot be used with this repository. If this repository is in an organization, did you remember to grant access? 
[info] 
[info] i  Action required: Visit this URL to ensure access has been granted to the appropriate organization(s) for the Firebase CLI GitHub OAuth App: 
[info] https://github.com/settings/connections/applications/89cf50f02ac6aaed3484
[info] 
[debug] [2025-11-20T15:00:45.356Z] >>> [apiv2][query] GET https://api.github.com/repos//actions/secrets/public-key type=owner
[debug] [2025-11-20T15:00:46.176Z] <<< [apiv2][status] GET https://api.github.com/repos//actions/secrets/public-key 404
[debug] [2025-11-20T15:00:46.176Z] <<< [apiv2][body] GET https://api.github.com/repos//actions/secrets/public-key {"message":"Not Found","documentation_url":"https://docs.github.com/rest","status":"404"}
[info] 
[info] 
[error] !  The provided authorization cannot be used with this repository. If this repository is in an organization, did you remember to grant access? 
[info] 
[info] i  Action required: Visit this URL to ensure access has been granted to the appropriate organization(s) for the Firebase CLI GitHub OAuth App: 
[info] https://github.com/settings/connections/applications/89cf50f02ac6aaed3484
[info] 
[debug] [2025-11-20T15:00:50.852Z] >>> [apiv2][query] GET https://api.github.com/repos//actions/secrets/public-key type=owner
[debug] [2025-11-20T15:00:51.220Z] <<< [apiv2][status] GET https://api.github.com/repos//actions/secrets/public-key 404
[debug] [2025-11-20T15:00:51.221Z] <<< [apiv2][body] GET https://api.github.com/repos//actions/secrets/public-key {"message":"Not Found","documentation_url":"https://docs.github.com/rest","status":"404"}
[info] 
[info] 
[error] !  The provided authorization cannot be used with this repository. If this repository is in an organization, did you remember to grant access? 
[info] 
[info] i  Action required: Visit this URL to ensure access has been granted to the appropriate organization(s) for the Firebase CLI GitHub OAuth App: 
[info] https://github.com/settings/connections/applications/89cf50f02ac6aaed3484
[info] 
[debug] [2025-11-20T15:00:54.764Z] >>> [apiv2][query] GET https://api.github.com/repos/repository/actions/secrets/public-key type=owner
[debug] [2025-11-20T15:00:55.135Z] <<< [apiv2][status] GET https://api.github.com/repos/repository/actions/secrets/public-key 404
[debug] [2025-11-20T15:00:55.135Z] <<< [apiv2][body] GET https://api.github.com/repos/repository/actions/secrets/public-key {"message":"Not Found","documentation_url":"https://docs.github.com/rest","status":"404"}
[info] 
[info] 
[error] !  The provided authorization cannot be used with this repository. If this repository is in an organization, did you remember to grant access? 
[info] 
[info] i  Action required: Visit this URL to ensure access has been granted to the appropriate organization(s) for the Firebase CLI GitHub OAuth App: 
[info] https://github.com/settings/connections/applications/89cf50f02ac6aaed3484
[info] 
[debug] [2025-11-20T15:01:02.590Z] >>> [apiv2][query] GET https://api.github.com/repos/user/actions/secrets/public-key type=owner
[debug] [2025-11-20T15:01:05.914Z] <<< [apiv2][status] GET https://api.github.com/repos/user/actions/secrets/public-key 404
[debug] [2025-11-20T15:01:05.914Z] <<< [apiv2][body] GET https://api.github.com/repos/user/actions/secrets/public-key {"message":"Not Found","documentation_url":"https://docs.github.com/rest","status":"404"}
[info] 
[info] 
[error] !  The provided authorization cannot be used with this repository. If this repository is in an organization, did you remember to grant access? 
[info] 
[info] i  Action required: Visit this URL to ensure access has been granted to the appropriate organization(s) for the Firebase CLI GitHub OAuth App: 
[info] https://github.com/settings/connections/applications/89cf50f02ac6aaed3484
[info] 
[debug] [2025-11-20T15:01:09.173Z] >>> [apiv2][query] GET https://api.github.com/repos/user/actions/secrets/public-key type=owner
[debug] [2025-11-20T15:01:09.555Z] <<< [apiv2][status] GET https://api.github.com/repos/user/actions/secrets/public-key 404
[debug] [2025-11-20T15:01:09.556Z] <<< [apiv2][body] GET https://api.github.com/repos/user/actions/secrets/public-key {"message":"Not Found","documentation_url":"https://docs.github.com/rest","status":"404"}
[info] 
[info] 
[error] !  The provided authorization cannot be used with this repository. If this repository is in an organization, did you remember to grant access? 
[info] 
[info] i  Action required: Visit this URL to ensure access has been granted to the appropriate organization(s) for the Firebase CLI GitHub OAuth App: 
[info] https://github.com/settings/connections/applications/89cf50f02ac6aaed3484
[info] 
